<?xml version="1.0" encoding="UTF-8"?>
<testsuite xmlns:xsi="http://www.w3.org/2001/XMLSchema-instance" xsi:schemaLocation="https://maven.apache.org/surefire/maven-surefire-plugin/xsd/surefire-test-report.xsd" name="test_runner.RunnerTest" time="194.275" tests="20" errors="2" skipped="0" failures="2">
  <properties>
    <property name="java.runtime.name" value="Java(TM) SE Runtime Environment"/>
    <property name="sun.boot.library.path" value="C:\Program Files\Java\jdk1.8.0_152\jre\bin"/>
    <property name="java.vm.version" value="25.152-b16"/>
    <property name="java.vm.vendor" value="Oracle Corporation"/>
    <property name="maven.multiModuleProjectDirectory" value="C:\Users\Harish\Selenium\loanCalculator"/>
    <property name="java.vendor.url" value="http://java.oracle.com/"/>
    <property name="path.separator" value=";"/>
    <property name="guice.disable.misplaced.annotation.check" value="true"/>
    <property name="java.vm.name" value="Java HotSpot(TM) 64-Bit Server VM"/>
    <property name="file.encoding.pkg" value="sun.io"/>
    <property name="user.script" value=""/>
    <property name="user.country" value="US"/>
    <property name="sun.java.launcher" value="SUN_STANDARD"/>
    <property name="sun.os.patch.level" value="Service Pack 1"/>
    <property name="java.vm.specification.name" value="Java Virtual Machine Specification"/>
    <property name="user.dir" value="C:\Users\Harish\Selenium\loanCalculator"/>
    <property name="java.runtime.version" value="1.8.0_152-b16"/>
    <property name="java.awt.graphicsenv" value="sun.awt.Win32GraphicsEnvironment"/>
    <property name="java.endorsed.dirs" value="C:\Program Files\Java\jdk1.8.0_152\jre\lib\endorsed"/>
    <property name="os.arch" value="amd64"/>
    <property name="java.io.tmpdir" value="C:\Users\Harish\AppData\Local\Temp\"/>
    <property name="line.separator" value="&#10;"/>
    <property name="java.vm.specification.vendor" value="Oracle Corporation"/>
    <property name="user.variant" value=""/>
    <property name="os.name" value="Windows 7"/>
    <property name="maven.ext.class.path" value="C:\Program Files\JetBrains\IntelliJ IDEA Community Edition 2019.3.1\plugins\maven\lib\maven-event-listener.jar"/>
    <property name="classworlds.conf" value="C:\Program Files\JetBrains\IntelliJ IDEA Community Edition 2019.3.1\plugins\maven\lib\maven3\bin\m2.conf"/>
    <property name="sun.jnu.encoding" value="Cp1252"/>
    <property name="java.library.path" value="C:\Program Files\Java\jdk1.8.0_152\bin;C:\Windows\Sun\Java\bin;C:\Windows\system32;C:\Windows;C:\ProgramData\Oracle\Java\javapath;C:\Program Files\Java\jdk1.8.0_152/bin;C:\oracle\product\10.2.0\db_1\bin;C:\Program Files\Common Files\Microsoft Shared\Windows Live;C:\Program Files (x86)\Common Files\Microsoft Shared\Windows Live;C:\Windows\system32;C:\Windows;C:\Windows\System32\Wbem;C:\Windows\System32\WindowsPowerShell\v1.0\;C:\Program Files\Intel\WiFi\bin\;C:\Program Files\Common Files\Intel\WirelessCommon\;C:\Program Files (x86)\Windows Live\Shared;C:\Program Files (x86)\Common Files\Roxio Shared\OEM\DLLShared\;C:\Program Files (x86)\Common Files\Roxio Shared\OEM\DLLShared\;C:\Program Files (x86)\Common Files\Roxio Shared\OEM\12.0\DLLShared\;C:\Program Files (x86)\Roxio\OEM\AudioCore\;C:\Users\Harish\AppData\Local\Android\android-sdk\tools;C:\Users\Harish\AppData\Local\Android\android-sdk\platform-tools;C:\Users\Harish\APIWorkspace\apache-maven-3.3.9\bin;C:\Program Files\nodejs\;C:\Program Files\nodejs;C:\Program Files (x86)\Java\jdk1.7.0\bin;E:\ant\bin;C:\Users\Harish\AppData\Roaming\npm;."/>
    <property name="maven.conf" value="C:\Program Files\JetBrains\IntelliJ IDEA Community Edition 2019.3.1\plugins\maven\lib\maven3/conf"/>
    <property name="java.specification.name" value="Java Platform API Specification"/>
    <property name="java.class.version" value="52.0"/>
    <property name="sun.management.compiler" value="HotSpot 64-Bit Tiered Compilers"/>
    <property name="os.version" value="6.1"/>
    <property name="idea.version2019.3.1" value="true"/>
    <property name="user.home" value="C:\Users\Harish"/>
    <property name="user.timezone" value="Asia/Calcutta"/>
    <property name="java.awt.printerjob" value="sun.awt.windows.WPrinterJob"/>
    <property name="java.specification.version" value="1.8"/>
    <property name="file.encoding" value="UTF-8"/>
    <property name="user.name" value="Harish"/>
    <property name="java.class.path" value="C:\Program Files\JetBrains\IntelliJ IDEA Community Edition 2019.3.1\plugins\maven\lib\maven3\boot\plexus-classworlds-2.6.0.jar;C:\Program Files\JetBrains\IntelliJ IDEA Community Edition 2019.3.1\lib\idea_rt.jar"/>
    <property name="java.vm.specification.version" value="1.8"/>
    <property name="sun.arch.data.model" value="64"/>
    <property name="java.home" value="C:\Program Files\Java\jdk1.8.0_152\jre"/>
    <property name="sun.java.command" value="org.codehaus.classworlds.Launcher -Didea.version2019.3.1 verify"/>
    <property name="java.specification.vendor" value="Oracle Corporation"/>
    <property name="user.language" value="en"/>
    <property name="awt.toolkit" value="sun.awt.windows.WToolkit"/>
    <property name="java.vm.info" value="mixed mode"/>
    <property name="java.version" value="1.8.0_152"/>
    <property name="java.ext.dirs" value="C:\Program Files\Java\jdk1.8.0_152\jre\lib\ext;C:\Windows\Sun\Java\lib\ext"/>
    <property name="sun.boot.class.path" value="C:\Program Files\Java\jdk1.8.0_152\jre\lib\resources.jar;C:\Program Files\Java\jdk1.8.0_152\jre\lib\rt.jar;C:\Program Files\Java\jdk1.8.0_152\jre\lib\sunrsasign.jar;C:\Program Files\Java\jdk1.8.0_152\jre\lib\jsse.jar;C:\Program Files\Java\jdk1.8.0_152\jre\lib\jce.jar;C:\Program Files\Java\jdk1.8.0_152\jre\lib\charsets.jar;C:\Program Files\Java\jdk1.8.0_152\jre\lib\jfr.jar;C:\Program Files\Java\jdk1.8.0_152\jre\classes"/>
    <property name="java.vendor" value="Oracle Corporation"/>
    <property name="maven.home" value="C:\Program Files\JetBrains\IntelliJ IDEA Community Edition 2019.3.1\plugins\maven\lib\maven3"/>
    <property name="file.separator" value="\"/>
    <property name="java.vendor.url.bug" value="http://bugreport.sun.com/bugreport/"/>
    <property name="sun.cpu.endian" value="little"/>
    <property name="sun.io.unicode.encoding" value="UnicodeLittle"/>
    <property name="sun.desktop" value="windows"/>
    <property name="sun.cpu.isalist" value="amd64"/>
  </properties>
  <testcase name="Given I am in borrowing calculator page" classname="| Single | 0 | Live | 80000 | 10000 | 500 | 0 | 100 | 0 | 10000 | 479000 |" time="0.002"/>
  <testcase name="When I fill my details &quot;Single&quot; &quot;0&quot; &quot;Live&quot;" classname="| Single | 0 | Live | 80000 | 10000 | 500 | 0 | 100 | 0 | 10000 | 479000 |" time="0"/>
  <testcase name="And I fill my earnings details &quot;80000&quot; &quot;10000&quot;" classname="| Single | 0 | Live | 80000 | 10000 | 500 | 0 | 100 | 0 | 10000 | 479000 |" time="0"/>
  <testcase name="And I fill my expenses &quot;500&quot; &quot;0&quot; &quot;100&quot; &quot;0&quot; &quot;10000&quot;" classname="| Single | 0 | Live | 80000 | 10000 | 500 | 0 | 100 | 0 | 10000 | 479000 |" time="0"/>
  <testcase name="And I click on work out borrow button" classname="| Single | 0 | Live | 80000 | 10000 | 500 | 0 | 100 | 0 | 10000 | 479000 |" time="0"/>
  <testcase name="Then I should get borrowing estimate of &quot;479000&quot;" classname="| Single | 0 | Live | 80000 | 10000 | 500 | 0 | 100 | 0 | 10000 | 479000 |" time="0.001">
    <error message="For input string: &quot;&quot;" type="java.lang.NumberFormatException">java.lang.NumberFormatException: For input string: ""
</error>
    <system-out><![CDATA[Estimation borrow: 
]]></system-out>
  </testcase>
  <testcase name="| Single | 0 | Live | 80000 | 10000 | 500 | 0 | 100 | 0 | 10000 | 479000 |" classname="| Single | 0 | Live | 80000 | 10000 | 500 | 0 | 100 | 0 | 10000 | 479000 |" time="0.001">
    <error message="For input string: &quot;&quot;" type="java.lang.NumberFormatException">java.lang.NumberFormatException: For input string: ""
</error>
  </testcase>
  <testcase name="Given I am in borrowing calculator page" classname="| Joint | 2 | Investment | 80000 | 10000 | 500 | 100 | 100 | 100 | 10000 | 479000 |" time="0"/>
  <testcase name="When I fill my details &quot;Joint&quot; &quot;2&quot; &quot;Investment&quot;" classname="| Joint | 2 | Investment | 80000 | 10000 | 500 | 100 | 100 | 100 | 10000 | 479000 |" time="0"/>
  <testcase name="And I fill my earnings details &quot;80000&quot; &quot;10000&quot;" classname="| Joint | 2 | Investment | 80000 | 10000 | 500 | 100 | 100 | 100 | 10000 | 479000 |" time="0"/>
  <testcase name="And I fill my expenses &quot;500&quot; &quot;100&quot; &quot;100&quot; &quot;100&quot; &quot;10000&quot;" classname="| Joint | 2 | Investment | 80000 | 10000 | 500 | 100 | 100 | 100 | 10000 | 479000 |" time="0"/>
  <testcase name="And I click on work out borrow button" classname="| Joint | 2 | Investment | 80000 | 10000 | 500 | 100 | 100 | 100 | 10000 | 479000 |" time="0.007"/>
  <testcase name="And I click on start over button" classname="| Joint | 2 | Investment | 80000 | 10000 | 500 | 100 | 100 | 100 | 10000 | 479000 |" time="0"/>
  <testcase name="Then All the fields gets cleared" classname="| Joint | 2 | Investment | 80000 | 10000 | 500 | 100 | 100 | 100 | 10000 | 479000 |" time="0"/>
  <testcase name="| Joint | 2 | Investment | 80000 | 10000 | 500 | 100 | 100 | 100 | 10000 | 479000 |" classname="| Joint | 2 | Investment | 80000 | 10000 | 500 | 100 | 100 | 100 | 10000 | 479000 |" time="0.003"/>
  <testcase name="Given I am in borrowing calculator page" classname="| 1 |" time="0"/>
  <testcase name="And I fill only living expenses &quot;1&quot;" classname="| 1 |" time="0"/>
  <testcase name="And I click on work out borrow button" classname="| 1 |" time="0"/>
  <testcase name="Then I should not get estimation and get valid proper error message" classname="| 1 |" time="0">
    <failure message="Proper error message is not displayed" type="java.lang.AssertionError">java.lang.AssertionError: Proper error message is not displayed
</failure>
    <system-out><![CDATA[2019-12-26 23:53:26 INFO  BaseClass:110 - Proper error message is not displayed
2019-12-26 23:53:26 INFO  BaseClass:111 - Expected Message: Based on the details you've entered, we're unable to give you an estimate of your borrowing power with this calculator. For questions, call us on 1800 100 641.
2019-12-26 23:53:26 INFO  BaseClass:112 - Actual Message: Based on the details you've entered, we're unable to give you an estimate of your borrowing power with this calculator. For questions, call us on 1800 035 500.
]]></system-out>
  </testcase>
  <testcase name="| 1 |" classname="| 1 |" time="0">
    <failure message="Proper error message is not displayed" type="java.lang.AssertionError">java.lang.AssertionError: Proper error message is not displayed
</failure>
  </testcase>
</testsuite>